<?xml version="1.0" encoding="UTF-8"?>
<!-- Generated by org.testng.reporters.JUnitReportReporter -->
<testsuite hostname="BDC8-LX-5TDB103" failures="0" tests="4" name="com.demo.pkd.Demo1" time="0.012" errors="0" timestamp="2021-11-15T17:14:12 IST" skipped="0">
  <testcase classname="com.demo.pkd.Demo1" name="method4" time="0.008"/>
  <system-out/>
  <testcase classname="com.demo.pkd.Demo1" name="method1" time="0.002"/>
  <system-out/>
  <testcase classname="com.demo.pkd.Demo1" name="method2" time="0.001"/>
  <system-out/>
  <testcase classname="com.demo.pkd.Demo1" name="method3" time="0.001"/>
  <system-out/>
</testsuite> <!-- com.demo.pkd.Demo1 -->
